<?xml version="1.0" encoding="UTF-8"?>
<!-- Generated by org.testng.reporters.JUnitReportReporter -->
<testsuite hostname="DESKTOP-RFCPR9H" failures="0" tests="5" name="tests.E2ECheckoutTest" time="35.237" errors="0" timestamp="2025-12-07T16:58:49 IST" skipped="0">
  <testcase classname="tests.E2ECheckoutTest" name="testAddMultipleProductsToCart" time="7.754"/>
  <testcase classname="tests.E2ECheckoutTest" name="testSuccessfulCheckoutFlow" time="6.618"/>
  <testcase classname="tests.E2ECheckoutTest" name="testValidLoginNavigatesToProductsPage" time="6.316"/>
  <testcase classname="tests.E2ECheckoutTest" name="testInvalidLoginShowsErrorMessage" time="8.380"/>
  <testcase classname="tests.E2ECheckoutTest" name="testRemoveItemFromCart" time="6.169"/>
</testsuite> <!-- tests.E2ECheckoutTest -->
