<?xml version="1.0" encoding="UTF-8"?>
<!-- Generated by org.testng.reporters.JUnitXMLReporter -->
<testsuite ignored="0" hostname="DESKTOP-RFCPR9H" failures="0" tests="5" name="Checkout Tests" time="35.426" errors="0" timestamp="2025-12-07T16:58:49 IST">
  <testcase classname="tests.E2ECheckoutTest" name="testAddMultipleProductsToCart" time="4.426"/>
  <testcase classname="tests.E2ECheckoutTest" name="testInvalidLoginShowsErrorMessage" time="1.383"/>
  <testcase classname="tests.E2ECheckoutTest" name="testRemoveItemFromCart" time="2.341"/>
  <testcase classname="tests.E2ECheckoutTest" name="testSuccessfulCheckoutFlow" time="3.284"/>
  <testcase classname="tests.E2ECheckoutTest" name="testValidLoginNavigatesToProductsPage" time="1.764"/>
</testsuite> <!-- Checkout Tests -->
